[2024-06-20T08:47:29.310] [ERROR] Error - {"Error_Name":"Un Caught Exception","Error_Address":"","Error_Message":"Error: Cannot find module 'puppeteer'\nRequire stack:\n- D:\\E Drive\\AzurePulls\\19_06_2024\\Aquila-Hundi-master\\Server\\Controllers\\App\\InvoiceManagement.controller.js\n- D:\\E Drive\\AzurePulls\\19_06_2024\\Aquila-Hundi-master\\Server\\Routes\\App\\InvoiceManagement.routes.js\n- D:\\E Drive\\AzurePulls\\19_06_2024\\Aquila-Hundi-master\\index.js"}
[2024-06-20T09:32:48.581] [ERROR] Error - {"Error_Name":"Un Handled Rejection","Error_Address":"","Error_Message":{"code":"messaging/invalid-recipient","message":"Registration token provided to sendToDevice() at index 0 must be a non-empty string."}}
[2024-06-20T09:38:24.937] [ERROR] Error - {"Error_Name":"Un Handled Rejection","Error_Address":"","Error_Message":{"code":"messaging/invalid-recipient","message":"Registration token provided to sendToDevice() at index 0 must be a non-empty string."}}
[2024-06-20T09:44:32.329] [ERROR] Error - {"Error_Name":"Un Handled Rejection","Error_Address":"","Error_Message":{"code":"messaging/invalid-recipient","message":"Registration token provided to sendToDevice() at index 0 must be a non-empty string."}}
[2024-06-20T09:45:24.682] [ERROR] Error - {"Error_Name":"Un Handled Rejection","Error_Address":"","Error_Message":{"code":"messaging/invalid-recipient","message":"Registration token provided to sendToDevice() at index 0 must be a non-empty string."}}
[2024-06-20T09:46:48.622] [ERROR] Error - {"Error_Name":"Un Handled Rejection","Error_Address":"","Error_Message":{"code":"messaging/invalid-recipient","message":"Registration token provided to sendToDevice() at index 0 must be a non-empty string."}}
[2024-06-20T09:47:52.893] [ERROR] Error - {"Error_Name":"Un Handled Rejection","Error_Address":"","Error_Message":{"code":"messaging/invalid-recipient","message":"Registration token provided to sendToDevice() at index 0 must be a non-empty string."}}
[2024-06-20T10:14:20.187] [ERROR] Error - {"Error_Name":"Un Handled Rejection","Error_Address":"","Error_Message":{"code":"messaging/invalid-recipient","message":"Registration token provided to sendToDevice() at index 0 must be a non-empty string."}}
[2024-06-20T10:18:30.341] [ERROR] Error - {"Error_Name":"Un Handled Rejection","Error_Address":"","Error_Message":{"code":"messaging/invalid-recipient","message":"Registration token provided to sendToDevice() at index 0 must be a non-empty string."}}
[2024-06-20T10:26:25.391] [ERROR] Error - {"Error_Name":"Un Handled Rejection","Error_Address":"","Error_Message":{"code":"messaging/invalid-recipient","message":"Registration token provided to sendToDevice() at index 0 must be a non-empty string."}}
[2024-06-20T11:19:41.623] [ERROR] Error - {"Error_Name":"Un Caught Exception","Error_Address":"","Error_Message":"SyntaxError: Unexpected string"}
[2024-06-20T11:32:10.337] [ERROR] Error - {"Error_Name":"Un Handled Rejection","Error_Address":"","Error_Message":{"code":"messaging/invalid-recipient","message":"Registration token provided to sendToDevice() at index 0 must be a non-empty string."}}
[2024-06-20T11:33:27.294] [ERROR] Error - {"Error_Name":"Un Handled Rejection","Error_Address":"","Error_Message":{"code":"messaging/invalid-recipient","message":"Registration token provided to sendToDevice() at index 0 must be a non-empty string."}}
[2024-06-20T11:35:40.386] [ERROR] Error - {"Error_Name":"Un Handled Rejection","Error_Address":"","Error_Message":{"code":"messaging/invalid-recipient","message":"Registration token provided to sendToDevice() at index 0 must be a non-empty string."}}
[2024-06-20T11:41:56.938] [ERROR] Error - {"Error_Name":"Un Handled Rejection","Error_Address":"","Error_Message":{"code":"messaging/invalid-recipient","message":"Registration token provided to sendToDevice() at index 0 must be a non-empty string."}}
[2024-06-20T11:49:19.563] [ERROR] Error - {"Error_Name":"Un Handled Rejection","Error_Address":"","Error_Message":{"code":"messaging/invalid-recipient","message":"Registration token provided to sendToDevice() at index 0 must be a non-empty string."}}
[2024-06-20T11:52:33.615] [ERROR] Error - {"Error_Name":"Un Handled Rejection","Error_Address":"","Error_Message":{"code":"messaging/invalid-recipient","message":"Registration token provided to sendToDevice() at index 0 must be a non-empty string."}}
[2024-06-20T12:16:11.213] [ERROR] Error - {"Error_Name":"Un Handled Rejection","Error_Address":"","Error_Message":{"code":"messaging/invalid-recipient","message":"Registration token provided to sendToDevice() at index 0 must be a non-empty string."}}
[2024-06-20T12:49:25.963] [ERROR] Error - {"Error_Name":"Un Caught Exception","Error_Address":"","Error_Message":"TypeError: Cannot set properties of undefined (setting 'Buyer')"}
[2024-06-20T12:51:07.908] [ERROR] Error - {"Error_Name":"Un Caught Exception","Error_Address":"","Error_Message":"TypeError: Cannot set properties of undefined (setting 'Buyer')"}
[2024-06-20T12:51:58.092] [ERROR] Error - {"Error_Name":"Un Caught Exception","Error_Address":"","Error_Message":"TypeError: Cannot set properties of undefined (setting 'Buyer')"}
[2024-06-20T12:52:42.189] [ERROR] Error - {"Error_Name":"Un Caught Exception","Error_Address":"","Error_Message":"TypeError: Cannot set properties of undefined (setting 'Buyer')"}
[2024-06-20T12:53:15.104] [ERROR] Error - {"Error_Name":"Un Caught Exception","Error_Address":"","Error_Message":"TypeError: Cannot set properties of undefined (setting 'Buyer')"}
[2024-06-20T12:53:58.050] [ERROR] Error - {"Error_Name":"Un Caught Exception","Error_Address":"","Error_Message":"TypeError: Cannot set properties of undefined (setting 'Buyer')"}
[2024-06-20T12:54:59.286] [ERROR] Error - {"Error_Name":"Un Caught Exception","Error_Address":"","Error_Message":"TypeError: Cannot set properties of undefined (setting 'Buyer')"}
[2024-06-20T12:55:45.783] [ERROR] Error - {"Error_Name":"Invoice List Getting Error","Error_Address":"InvoiceManagement.Controller -> Invoice_SimpleList","Date":"2024-06-20T07:25:45.783Z","Ip":"::1","Request_Url":"/APP_API/InvoiceManagement/CompleteInvoiceList","Request_Body":{"CustomerCategory":"Buyer","CustomerId":"6673a9886d112c08a4cc168c","FilterQuery":{"Business":"","Buyer":"","BuyerBusiness":"","CustomDateRange":{"From":"","To":""},"DateRange":"","SearchKey":"","Seller":"","StatusType":""},"InvoiceType":"","PageNumber":1},"If_Get":{},"Device_Info":{"ua":"PostmanRuntime/7.39.0","browser":{},"engine":{},"os":{},"device":{},"cpu":{}},"Error_Message":"{}"}
[2024-06-20T12:56:00.826] [ERROR] Error - {"Error_Name":"Un Caught Exception","Error_Address":"","Error_Message":"TypeError: Cannot set properties of undefined (setting 'Buyer')"}
[2024-06-20T12:56:11.244] [ERROR] Error - {"Error_Name":"Un Caught Exception","Error_Address":"","Error_Message":"TypeError: Cannot set properties of undefined (setting 'Buyer')"}
[2024-06-20T12:56:22.612] [ERROR] Error - {"Error_Name":"Un Caught Exception","Error_Address":"","Error_Message":"TypeError: Cannot set properties of undefined (setting 'Buyer')"}
[2024-06-20T12:56:34.465] [ERROR] Error - {"Error_Name":"Un Caught Exception","Error_Address":"","Error_Message":"TypeError: Cannot set properties of undefined (setting 'Buyer')"}
[2024-06-20T12:56:45.027] [ERROR] Error - {"Error_Name":"Un Caught Exception","Error_Address":"","Error_Message":"TypeError: Cannot set properties of undefined (setting 'Buyer')"}
[2024-06-20T12:59:27.046] [ERROR] Error - {"Error_Name":"Un Caught Exception","Error_Address":"","Error_Message":"TypeError: Cannot set properties of undefined (setting 'Buyer')"}
[2024-06-20T13:00:07.933] [ERROR] Error - {"Error_Name":"Un Caught Exception","Error_Address":"","Error_Message":"TypeError: Cannot set properties of undefined (setting 'Buyer')"}
[2024-06-20T13:00:21.173] [ERROR] Error - {"Error_Name":"Un Caught Exception","Error_Address":"","Error_Message":"TypeError: Cannot set properties of undefined (setting 'Buyer')"}
[2024-06-20T13:00:52.717] [ERROR] Error - {"Error_Name":"Un Caught Exception","Error_Address":"","Error_Message":"TypeError: Cannot set properties of undefined (setting 'Buyer')"}
[2024-06-20T13:01:06.981] [ERROR] Error - {"Error_Name":"Un Caught Exception","Error_Address":"","Error_Message":"TypeError: Cannot set properties of undefined (setting 'Buyer')"}
[2024-06-20T13:02:20.470] [ERROR] Error - {"Error_Name":"Un Caught Exception","Error_Address":"","Error_Message":"TypeError: Cannot set properties of undefined (setting 'Buyer')"}
[2024-06-20T13:02:42.663] [ERROR] Error - {"Error_Name":"Un Caught Exception","Error_Address":"","Error_Message":"TypeError: Cannot set properties of undefined (setting 'Buyer')"}
[2024-06-20T13:03:27.098] [ERROR] Error - {"Error_Name":"Un Caught Exception","Error_Address":"","Error_Message":"TypeError: Cannot set properties of undefined (setting 'Buyer')"}
[2024-06-20T13:03:47.462] [ERROR] Error - {"Error_Name":"Invoice List Getting Error","Error_Address":"InvoiceManagement.Controller -> Invoice_SimpleList","Date":"2024-06-20T07:33:47.462Z","Ip":"::1","Request_Url":"/APP_API/InvoiceManagement/CompleteInvoiceList","Request_Body":{"CustomerCategory":"Buyer","CustomerId":"6673a9886d112c08a4cc168c","FilterQuery":{"Business":"","Buyer":"6673a9886d112c08a4cc168c","BuyerBusiness":"","CustomDateRange":{"From":"","To":""},"DateRange":"","SearchKey":"","Seller":"","StatusType":""},"InvoiceType":"","PageNumber":1},"If_Get":{},"Device_Info":{"ua":"PostmanRuntime/7.39.0","browser":{},"engine":{},"os":{},"device":{},"cpu":{}},"Error_Message":"{}"}
[2024-06-20T13:05:56.335] [ERROR] Error - {"Error_Name":"Un Caught Exception","Error_Address":"","Error_Message":"TypeError: Cannot set properties of undefined (setting 'Buyer')"}
[2024-06-20T13:06:20.313] [ERROR] Error - {"Error_Name":"Invoice List Getting Error","Error_Address":"InvoiceManagement.Controller -> Invoice_SimpleList","Date":"2024-06-20T07:36:20.313Z","Ip":"::1","Request_Url":"/APP_API/InvoiceManagement/CompleteInvoiceList","Request_Body":{"CustomerCategory":"Buyer","CustomerId":"6673a9886d112c08a4cc168c","FilterQuery":{"Business":"","Buyer":"6673a9886d112c08a4cc168c","BuyerBusiness":"","CustomDateRange":{"From":"","To":""},"DateRange":"","SearchKey":"","Seller":"","StatusType":""},"InvoiceType":"","PageNumber":1},"If_Get":{},"Device_Info":{"ua":"PostmanRuntime/7.39.0","browser":{},"engine":{},"os":{},"device":{},"cpu":{}},"Error_Message":"{}"}
[2024-06-20T14:30:39.778] [ERROR] Error - {"Error_Name":"Un Handled Rejection","Error_Address":"","Error_Message":{"message":"connection timed out","name":"MongooseServerSelectionError","reason":{"type":"Single","setName":null,"maxSetVersion":null,"maxElectionId":null,"servers":{},"stale":false,"compatible":true,"compatibilityError":null,"logicalSessionTimeoutMinutes":null,"heartbeatFrequencyMS":10000,"localThresholdMS":15,"commonWireVersion":null}}}
[2024-06-20T16:00:32.713] [ERROR] Error - {"Error_Name":"Un Handled Rejection","Error_Address":"","Error_Message":{"code":"messaging/invalid-recipient","message":"Registration token provided to sendToDevice() at index 0 must be a non-empty string."}}
[2024-06-20T16:01:36.878] [ERROR] Error - {"Error_Name":"Un Handled Rejection","Error_Address":"","Error_Message":{"code":"messaging/invalid-recipient","message":"Registration token provided to sendToDevice() at index 0 must be a non-empty string."}}
[2024-06-20T16:11:10.520] [ERROR] Error - {"Error_Name":"Un Handled Rejection","Error_Address":"","Error_Message":{"code":"messaging/invalid-recipient","message":"Registration token provided to sendToDevice() at index 0 must be a non-empty string."}}
[2024-06-20T16:13:22.663] [ERROR] Error - {"Error_Name":"Un Handled Rejection","Error_Address":"","Error_Message":{"code":"messaging/invalid-recipient","message":"Registration token provided to sendToDevice() at index 0 must be a non-empty string."}}
[2024-06-20T16:16:06.851] [ERROR] Error - {"Error_Name":"Un Handled Rejection","Error_Address":"","Error_Message":{"code":"messaging/invalid-recipient","message":"Registration token provided to sendToDevice() at index 0 must be a non-empty string."}}
[2024-06-20T16:16:30.150] [ERROR] Error - {"Error_Name":"Un Handled Rejection","Error_Address":"","Error_Message":{"code":"messaging/invalid-recipient","message":"Registration token provided to sendToDevice() at index 0 must be a non-empty string."}}
[2024-06-20T16:21:51.557] [ERROR] Error - {"Error_Name":"Un Handled Rejection","Error_Address":"","Error_Message":{"code":"messaging/invalid-recipient","message":"Registration token provided to sendToDevice() at index 0 must be a non-empty string."}}
[2024-06-20T16:22:14.576] [ERROR] Error - {"Error_Name":"Un Handled Rejection","Error_Address":"","Error_Message":{"code":"messaging/invalid-recipient","message":"Registration token provided to sendToDevice() at index 0 must be a non-empty string."}}
[2024-06-20T16:31:59.362] [ERROR] Error - {"Error_Name":"Un Handled Rejection","Error_Address":"","Error_Message":{"code":"messaging/invalid-recipient","message":"Registration token provided to sendToDevice() at index 0 must be a non-empty string."}}
[2024-06-20T16:35:09.518] [ERROR] Error - {"Error_Name":"Un Handled Rejection","Error_Address":"","Error_Message":{"code":"messaging/invalid-recipient","message":"Registration token provided to sendToDevice() at index 0 must be a non-empty string."}}
